401 502 21.863318490580724 22
0 8 1.00355871886121 2
1 1 1.00355871886121 2
2 17 3.02145426417611 4
3 1 1.00355871886121 2
4 5 3.02145426417611 4
402 32 16.501946735017544 17
5 5 2.010701576004067 3
6 1 1.00355871886121 2
7 11 2.010701576004067 3
8 4 1.00355871886121 2
9 1 1.00355871886121 2
403 21 16.501946735017544 17
10 9 2.010701576004067 3
11 1 1.00355871886121 2
12 5 2.010701576004067 3
13 8 1.00355871886121 2
14 2 1.00355871886121 2
15 5 1.00355871886121 2
16 7 1.00355871886121 2
404 46 18.634279496595585 19
17 12 5.053893294900989 6
18 32 5.053893294900989 6
19 2 1.00355871886121 2
20 4 2.010701576004067 3
21 1 1.00355871886121 2
22 1 1.00355871886121 2
23 3 1.00355871886121 2
24 9 2.010701576004067 3
25 1 1.00355871886121 2
405 60 17.56609767841377 18
26 4 1.00355871886121 2
27 57 29.54471755781821 29
28 3 1.00355871886121 2
406 78 16.501946735017544 17
29 7 4.035842753384744 5
30 1 1.00355871886121 2
31 27 14.385616583796796 15
32 12 8.130284051082288 9
33 1 1.00355871886121 2
34 21 12.285050640280177 13
35 2 1.00355871886121 2
36 20 6.0756324253357725 7
37 6 2.010701576004067 3
38 21 11.240606195835733 12
39 3 1.00355871886121 2
407 182 20.782858720465782 21
40 35 15.441796359077696 16
41 10 4.035842753384744 5
42 19 6.0756324253357725 7
43 5 3.02145426417611 4
408 83 16.501946735017544 17
44 73 31.778389682794685 31
45 34 21.863318490580724 22
46 49 43.22010561827886 41
47 71 53.93023767344969 50
48 75 51.514809039136935 48
49 1 1.00355871886121 2
50 70 53.93023767344969 50
51 51 29.54471755781821 29
52 36 28.43448133734577 28
53 44 37.441222958424085 36
54 19 18.634279496595585 19
55 28 26.227036484404593 26
56 160 171.01343991963293 129
57 22 18.634279496595585 19
58 48 45.56523009960666 43
59 92 86.01018781177801 75
60 29 27.328598984404593 27
61 17 16.501946735017544 17
62 50 44.39023009960666 42
63 52 55.145754914829 51
64 53 51.514809039136935 48
409 1001 22.94793387519611 23
65 18 17.56609767841377 18
66 112 110.11525585195625 92
67 177 125.32105851867613 102
68 88 68.87410687055727 62
69 100 77.97165390928856 69
70 16 14.385616583796796 15
71 232 206.1868559630746 147
72 118 117.61568029296794 97
73 120 143.05256415915275 113
410 1001 27.328598984404593 27
411 54 57.59262109212996 53
74 162 136.4750251355343 109
412 55 57.59262109212996 53
413 18 18.634279496595585 19
75 141 146.39977464097862 115
414 128 128.4631441797562 104
415 98 98.51467405576598 84
76 123 131.6406341816606 106
416 18 17.56609767841377 18
417 95 84.65441858100878 74
418 2 1.00355871886121 2
77 174 202.05493239072598 145
78 85 88.74143869119267 77
79 161 146.39977464097862 115
419 294 197.98267715143916 143
80 175 195.96839143715346 142
81 131 139.74461782272346 111
420 392 20.782858720465782 21
82 112 122.21359691950181 100
83 59 60.060904245428056 55
421 108 58.8240621401649 54
422 15 9.163251084049321 10
84 103 117.61568029296794 97
423 88 57.59262109212996 53
85 20 19.70652284260319 20
424 51 20.782858720465782 21
86 91 94.28460355400344 81
425 165 108.63881606138034 91
87 196 234.62940504298749 160
88 166 180.35200745096824 134
89 66 68.87410687055727 62
426 311 17.56609767841377 18
90 125 144.7212032124072 114
427 124 25.129760219813154 25
91 139 143.05256415915275 113
92 242 307.8110294408747 188
93 79 86.01018781177801 75
94 246 296.1203408729895 184
95 101 107.17006606138034 90
96 48 46.74514641759829 44
97 84 92.88856395004305 80
98 220 197.98267715143916 143
99 17 16.501946735017544 17
428 1001 27.328598984404593 27
100 259 316.9085048966952 191
101 281 353.02715933624194 202
102 160 139.74461782272346 111
103 239 258.64376161067827 170
429 1001 31.778389682794685 31
104 132 128.4631441797562 104
105 158 184.17578020331243 136
106 167 202.05493239072598 145
107 92 97.0975886286303 83
108 84 90.11704844729023 78
109 176 184.17578020331243 136
110 147 151.49628348528344 118
430 1001 24.0367369639992 24
111 312 248.79129378311092 166
431 64 34.029895658890304 33
432 40 34.029895658890304 33
433 60 49.119893784899645 46
434 158 68.87410687055727 62
112 707 91.4994013884667 79
435 383 20.782858720465782 21
436 83 21.863318490580724 22
113 178 200.01145412985642 144
437 140 25.129760219813154 25
114 140 156.68659777083937 121
438 171 15.441796359077696 16
115 177 216.78955860787232 152
439 228 3.02145426417611 4
116 183 232.33672211615823 159
440 209 71.44359628525217 64
117 220 232.33672211615823 159
118 131 149.78719257619252 117
119 402 394.46092177351284 213
120 165 167.36291624975442 127
441 1001 37.441222958424085 36
121 279 253.67450217891303 168
122 128 153.2157956804054 119
123 208 172.8565771745349 130
124 232 243.99120686437993 164
125 332 206.1868559630746 147
442 1001 47.93002036717812 45
126 204 223.347960888731 155
127 173 190.01044797216773 139
443 548 31.778389682794685 31
128 283 241.62145896522026 163
129 272 323.1407393289296 193
130 230 241.62145896522026 163
444 789 43.22010561827886 41
131 315 463.02094496299367 228
132 213 214.63688685214714 151
133 180 182.25741285637366 135
134 399 346.10665346451657 200
445 1001 16.501946735017544 17
135 147 167.36291624975442 127
136 1 1.00355871886121 2
137 229 246.3810373728545 165
138 19 17.56609767841377 18
139 251 251.22232826586955 167
446 865 29.54471755781821 29
140 393 576.0666225027894 246
447 173 25.129760219813154 25
448 44 20.782858720465782 21
141 298 411.1766196153892 217
142 221 248.79129378311092 166
143 210 234.62940504298749 160
144 215 248.79129378311092 166
449 909 67.59808877100976 61
145 147 165.5552239420621 126
146 215 248.79129378311092 166
147 200 246.3810373728545 165
148 197 243.99120686437993 164
149 254 346.10665346451657 200
450 1001 31.778389682794685 31
150 327 287.65977681658387 181
451 230 17.56609767841377 18
151 286 284.89507093423094 180
152 80 71.44359628525217 64
153 234 282.15720685656106 179
154 200 241.62145896522026 163
155 28 20.782858720465782 21
156 118 141.393740629741 112
157 48 47.93002036717812 45
452 1001 21.863318490580724 22
158 433 553.7931790188195 243
159 272 323.1407393289296 193
160 288 342.7090631030708 199
161 27 25.129760219813154 25
453 1001 24.0367369639992 24
162 198 171.01343991963293 129
163 297 268.85295162101505 174
454 1001 52.71993724426514 49
455 119 20.782858720465782 21
164 1001 617.6091708857789 251
165 136 128.4631441797562 104
456 667 60.060904245428056 55
