0 14 -500.7785457358239 4
1 1 -498.9964412811388 2
2 38 -503.5489130292097 8
3 31 -501.19891302920973 8
4 4 -500.0464412811388 2
5 2 -499.3464412811388 2
6 1 -498.9964412811388 2
7 15 -501.1785457358239 4
8 5 -500.3964412811388 2
9 39 -502.6197159489177 9
10 119 -471.4800627557349 49
11 22 -489.81662222217335 14
12 3 -498.3392984239959 3
13 2 -499.3464412811388 2
14 67 -488.4229635155954 26
15 66 -474.5004774464342 35
16 48 -487.3366815094193 22
17 85 -464.6301062151004 46
18 94 -487.47010434110973 33
19 68 -475.5004774464342 35
20 131 -471.1834658643919 52
21 93 -473.5597699003934 42
22 280 -483.8774933476424 76
23 72 -461.4699796328219 45
24 53 -456.7548535824017 44
25 72 -454.01976232655034 50
26 65 -448.5334658643918 52
27 22 -488.4143834162032 15
28 274 -487.13772085849934 72
29 452 -505.38431970703203 97
30 86 -444.63675549029193 59
31 82 -452.0573789078701 53
32 110 -488.8087770415759 36
33 497 -530.534744148044 92
34 350 -543.3390957545721 55
35 347 -498.66539644599675 81
36 254 -563.9657205034047 19
37 80 -503.0657205034044 19
38 364 -523.2783460907115 69
39 108 -462.00737890787013 53
40 133 -410.0410738349925 89
41 1001 -690.5369525310458 101
42 308 -500.93772085849923 72
43 564 -595.5783460907113 69
44 14 -503.5464412811388 2
45 231 -448.52961143877314 86
46 210 -523.808777041576 36
47 180 -416.5084701296641 94
48 424 -572.5573789078702 53
49 147 -412.8299339386194 90
50 162 -531.7657205034045 19
51 120 -425.85856130880734 77
52 161 -454.52834609071135 69
53 315 -406.0993494341286 123
54 375 -319.4776717341303 167
55 91 -427.80440242873954 70
56 142 -365.2287967875927 114
57 434 -354.0785410347792 162
58 194 -395.1956645196379 108
59 161 -379.99491706099724 110
60 100 -485.30877704157604 36
61 211 -350.9881596675708 131
62 59 -444.85737890787004 53
63 400 -430.59095440188594 125
64 497 -572.1283460907116 69
65 186 -463.2783460907114 69
66 856 -697.7783460907094 69
67 73 -449.7573789078701 53
68 92 -433.7077310070339 67
69 74 -450.1073789078701 53
70 612 -527.5502253590215 115
71 171 -345.46772891153586 128
72 45 -466.0587770415759 36
73 140 -471.75737890787013 53
74 44 -485.3366815094193 22
75 109 -394.2505336217279 93
76 145 -396.7599953827077 98
77 116 -424.5585613088073 77
78 117 -396.55053362172794 93
79 361 -465.2369525310471 101
80 37 -464.7504774464342 35
81 58 -458.4548535824017 44
82 95 -412.61143604995686 80
83 45 -458.5298943817212 41
84 322 -353.4131440369247 147
85 101 -414.6614360499569 80
86 131 -427.0005986115331 79
87 19 -481.71572050340444 19
88 53 -450.5351909608631 48
89 53 -449.03006275573483 49
90 54 -458.5847699003933 43
91 114 -410.3110835199916 85
92 97 -415.1005986115332 79
93 91 -413.0005986115333 79
94 71 -450.63346586439184 52
95 375 -180.82997181708356 208
96 298 -311.05911954717635 161
97 96 -414.7005986115333 79
98 344 -216.69479658033765 196
99 252 -288.0785410347799 163
100 15 -485.9643834162032 15
101 87 -411.65059861153327 79
102 181 -355.7909544018868 125
103 101 -420.0085613088074 77
104 72 -437.8721814992605 60
105 28 -484.71572050340444 19
106 138 -341.040954401887 125
107 83 -413.70856130880736 77
108 616 -643.7197623265492 50
109 226 -279.47854103477977 163
110 511 40.85594507932399 252
111 176 -473.6721814992605 60
112 574 -633.2851909608619 47
113 393 -530.7242137494945 71
114 325 -572.4406579362528 30
115 132 -496.308777041576 36
116 67 -453.7300627557348 49
117 19 -481.71572050340444 19
118 20 -482.0657205034044 19
119 20 -482.0657205034044 19
120 130 -431.4274933476423 76
121 89 -405.35241137136967 83
122 86 -432.6632865625895 66
123 72 -423.3783460907115 69
124 74 -446.58909575457193 55
125 227 -240.44004589069158 177
126 285 -216.80671249460988 190
127 132 -458.42218149926055 60
128 87 -454.6573789078701 53
129 108 -407.9610835199915 85
130 109 -465.5042450851711 51
131 79 -422.5242137494943 71
132 21 -482.41572050340443 19
133 18 -484.1980532649825 17
134 102 -429.5742137494942 71
135 15 -485.9643834162032 15
136 19 -481.71572050340444 19
137 54 -461.32989438172115 41
138 183 -359.79934943412957 123
139 253 -300.5874714322289 158
140 14 -487.01662222217334 14
141 61 -439.19901739505383 57
142 61 -439.19901739505383 57
143 93 -404.835325944234 84
144 111 -515.0339023215863 18
145 11 -492.9197159489177 9
146 75 -502.48390232158624 18
147 146 -479.31976232655035 50
148 116 -462.95737890787 53
149 116 -426.12749334764226 76
150 1 -498.9964412811388 2
151 612 -8.153329114225073 250
152 38 -463.60877704157593 36
153 199 -288.7815666703242 156
154 37 -463.2587770415759 36
155 87 -406.41241137136967 82
156 60 -438.8490173950538 57
157 203 -333.0478853611659 138
158 123 -356.75022535902133 115
159 90 -409.06539644599656 81
160 441 39.351216340322765 249
161 448 -147.00247836996124 220
162 36 -462.90877704157595 36
163 97 -402.6296114387733 86
164 31 -470.0406579362529 30
165 260 -424.7789414813236 102
166 61 -473.7375742206278 34
167 197 -411.9273866870552 99
168 1 -498.9964412811388 2
169 1 -498.9964412811388 2
170 152 -409.1847441480436 92
171 250 -314.76044139212775 152
172 287 -252.39279314343952 179
173 426 10.795000881165493 245
174 194 -257.9776717341306 167
175 262 -280.47767173413064 167
176 181 -248.40181361056065 169
177 181 -248.40181361056065 169
178 228 -298.93156667032406 156
179 6 -496.6641572466153 5
180 30 -472.6155186626542 28
181 130 -431.889812188222 75
182 64 -435.4221814992605 60
183 69 -476.13757422062776 34
184 13 -490.8499842100683 11
185 4 -498.6892984239959 3
186 6 -496.6641572466153 5
187 36 -505.546106705099 6
188 198 -415.88431970703175 97
189 33 -475.0714010155954 27
190 98 -408.30241137136966 83
191 185 -281.5434714322288 157
192 167 -307.7885458701435 144
193 351 -16.16638591992961 238
194 292 -176.0728406637582 202
195 108 -382.7773866870555 99
196 391 54.801216340322924 249
197 169 -329.1925871436264 135
198 243 -302.29347143222856 157
199 181 -293.26044139212763 152
200 281 -161.46283579520946 205
201 351 -42.988487369204336 234
202 142 -414.84468208241515 88
203 446 63.10594507932683 252
204 43 -471.2981043411097 32
205 74 -483.32161031720534 31
206 270 -266.8842043422874 173
207 596 42.25151158178778 255
208 78 -425.3783460907115 69
209 130 -377.1093658183393 106
210 501 131.68297943760376 260
211 209 -315.5131440369254 147
212 384 -419.4177289115348 128
213 149 -482.63006275573497 49
214 261 -388.7618494341289 122
215 38 -463.60877704157593 36
216 483 -284.54149510330626 191
217 216 -289.98747143222886 158
218 85 -472.52989438172125 41
219 413 -186.40614730764077 210
220 1001 -87.75404397377349 256
221 123 -374.4093658183394 106
222 634 -403.10181361055896 169
223 324 -214.78617589068438 195
224 107 -382.4773866870555 99
225 83 -411.9829515527098 78
226 207 -360.88708375024555 127
227 451 52.55917088577769 251
228 982 2518.242315998871 282
229 258 -187.69479658033765 196
230 640 257.2869047434677 270
231 234 -180.2947965803375 196
232 408 -520.811436049957 80
233 198 -251.10623838932173 170
234 1001 -12.370267315651517 262
235 54 -443.10737890787004 53
236 822 2574.042315998877 282
237 568 -55.406820981185945 243
238 649 208.30173990829707 268
239 18 -481.3657205034044 19
240 280 -216.55671249460897 190
241 110 -421.13295155270964 78
242 55 -454.3301062151004 46
243 268 -259.63593726787377 175
244 89 -507.1480532649825 17
245 528 10.401216340320843 249
246 236 -399.5974358408471 113
247 455 -123.94204204999465 226
248 42 -466.30047744643423 35
249 29 -472.26551866265424 28
250 158 -499.39518363791956 40
251 166 -475.8490173950539 57
252 293 -271.1470483789849 174
253 55 -446.604245085171 51
254 56 -446.954245085171 51
255 224 -525.011415169998 38
256 32 -487.53390232158625 18
257 360 -603.1082036409218 16
258 74 -446.83909575457193 55
259 52 -450.1851909608631 48
260 281 -577.0582036409222 16
261 119 -435.97421374949437 71
262 1 -498.9964412811388 2
263 1 -498.9964412811388 2
264 304 -223.65671249460974 190
265 378 -51.238487369204734 234
266 192 -289.302039111269 155
267 564 101.37210987238552 259
268 231 -255.64784070592404 172
269 291 -333.6631131478522 151
270 993 -705.1847441480412 92
271 382 -607.2934771573963 20
272 1001 -834.059393804167 12
273 1001 -842.1743675746668 7
274 381 -629.278545735823 4
275 220 -572.928545735824 4
276 406 -635.096106705098 6
277 425 -641.646106705098 6
278 1001 -840.1489130292124 8
279 1001 -847.589298423999 3
280 1001 -841.224367574667 7
281 199 -544.7157205034046 19
282 20 -486.30820364092233 16
283 18 -485.6082036409223 16
284 46 -495.3582036409223 16
285 275 -518.1759378598351 54
286 278 -372.0406099986959 133
287 50 -461.6451836379195 40
288 98 -440.40640371474785 64
289 17 -486.6643834162032 15
290 81 -452.5073789078701 53
291 268 -568.8657205034045 19
292 785 -741.2202397801841 25
293 522 -633.0087770415746 36
294 1001 -802.1504774464343 35
295 636 -670.4124355781601 37
296 417 -551.0564037147481 64
297 205 -540.952066124804 23
298 130 -527.6166222221734 14
299 97 -461.30424508517103 51
300 365 -563.6699796328217 45
301 133 -478.58519096086314 47
302 269 -509.34568406172053 58
303 1 -498.9964412811388 2
304 520 -545.794682082415 88
305 2 -499.3464412811388 2
306 363 -602.0157205034039 19
307 282 -512.436755490292 59
308 94 -445.42218149926055 60
309 2 -499.3464412811388 2
310 2 -499.3464412811388 2
311 71 -450.5834658643918 52
312 114 -516.3839023215863 18
313 109 -491.13757422062776 34
314 18 -481.3657205034044 19
315 681 -473.2197775360964 149
316 48 -463.861415169998 38
317 47 -478.5655186626542 28
318 43 -472.77161031720533 31
319 27 -473.0214010155954 27
320 59 -508.3367489159507 10
321 61 -447.08346586439177 52
322 1 -498.9964412811388 2
323 18 -481.3657205034044 19
324 36 -465.88757422062776 34
325 127 -463.1968050056733 56
326 62 -492.43668150941926 22
327 355 -393.5979925490314 134
328 29 -475.1729635155954 26
329 42 -462.01141516999803 38
330 139 -389.0869525310476 101
331 651 -628.8077310070323 67
332 111 -520.9666222221733 14
333 244 -524.8847699003935 43
334 289 -512.3519112289904 61
335 22 -495.3867489159507 10
336 360 -513.2955814189914 74
337 207 -558.7499842100684 11
338 62 -445.85737890787004 53
339 319 -471.9410738349927 89
340 1001 -629.2118494341279 122
341 106 -478.2597699003934 42
342 47 -457.7097699003934 42
343 45 -457.0097699003934 42
344 28 -483.14347715739683 20
345 28 -483.14347715739683 20
346 42 -462.01141516999803 38
347 42 -462.01141516999803 38
348 41 -461.661415169998 38
349 28 -483.14347715739683 20
350 67 -464.60976990039336 42
351 100 -452.0490173950538 57
352 82 -418.4955814189912 74
353 109 -418.7005986115333 79
354 315 -391.6677289115354 128
355 123 -447.2564037147477 64
356 124 -442.2461031000572 68
357 599 -457.7675240558036 140
358 323 -317.5705949570131 160
359 261 -392.4342043195941 119
360 407 -357.731566670323 156
361 688 -456.11044139212765 152
362 296 -430.45936581833905 106
363 127 -431.58981218822197 75
364 496 -458.2618494341288 122
365 21 -482.41572050340443 19
366 159 -370.17879678759266 114
367 143 -389.78695253104746 101
368 1001 -532.6776717341289 167
369 139 -377.3570930910666 107
370 71 -424.7461031000572 68
371 99 -427.087720858499 72
372 365 -401.7434228254642 130
373 95 -456.5073789078701 53
374 225 -380.3342043195945 119
375 84 -453.45737890787007 53
376 1001 -614.5493494341282 123
377 315 -463.18474414804365 92
378 522 -409.12425514803584 148
379 207 -406.0868558202438 104
380 226 -380.25414296990124 120
381 639 -419.1285410347783 162
382 382 -594.3052824421812 29
383 704 -708.5155186626519 28
384 539 -582.4742137494932 71
385 1001 -735.9274933476393 76
386 29 -489.4582036409223 16
387 85 -482.93757422062777 34
388 63 -503.81662222217335 14
389 149 -482.58006275573496 49
390 530 -598.8867554902907 59
391 166 -457.61328656258934 66
392 98 -438.21282573309645 65
393 229 -457.61143604995686 80
394 342 -520.1577310070342 67
395 517 -532.1584701296646 94
396 385 -532.4628257330966 65
397 167 -490.9351909608631 47
398 227 -430.80053362172777 93
399 386 -362.04121062289687 153
400 155 -508.97010434110973 33
401 612 -439.8631131478521 151
402 55 -497.1480532649825 17
403 347 -405.98708375024523 127
404 41 -492.24805326498245 17
405 52 -462.1951836379195 40
406 469 -564.0461031000575 68
407 195 -453.6398121882219 75
408 737 -488.81977753609544 149
409 60 -452.73519096086306 48
410 696 -625.2329515527077 78
411 98 -431.6783460907115 69
412 210 -435.7910738349927 89
413 460 -467.85022535902107 115
414 167 -415.78474414804367 92
415 160 -415.8111839386197 91
416 124 -440.77834609071147 69
417 381 -435.98420431959465 119
418 24 -481.9934771573968 20
419 82 -466.9048535824017 44
420 144 -444.37421374949423 71
421 342 -478.97993393861987 90
422 168 -470.2019112289904 61
423 865 -712.5258931294406 62
424 92 -470.3048535824018 44
425 104 -470.6801062151004 46
426 82 -449.73909575457196 55
427 248 -466.21143604995706 80
428 94 -459.90424508517106 51
429 195 -478.0258931294429 62
430 55 -472.2875742206278 34
431 255 -429.7869525310472 101
432 191 -463.44610310005726 68
433 422 -323.58838124646445 171
434 481 -313.65492906577 180
435 197 -475.45640371474803 64
436 204 -459.4898121882222 75
437 79 -443.8956840617205 58
438 224 -278.1785410347801 163
439 25 -482.2434771573968 20
440 25 -482.2434771573968 20
441 473 -578.5721814992606 60
442 581 -621.1990173950531 57
443 427 -582.535190960863 47
444 125 -467.4073789078701 53
445 184 -518.9701043411097 33
446 993 -734.9398121882193 75
447 92 -472.7597699003934 42
448 313 -539.2800627557349 49
449 132 -526.9143834162032 15
450 92 -512.9143834162032 15
451 149 -433.2005986115334 79
452 77 -439.9721814992605 60
453 155 -433.061436049957 80
454 381 -331.8285410347797 163
455 268 -422.3593658183389 106
456 104 -422.4774933476422 76
457 305 -425.25625937025876 112
458 241 -419.9122748146569 103
459 306 -439.552586157322 105
460 477 -236.52284066376086 202
461 19 -481.71572050340444 19
462 119 -506.6229635155954 26
463 155 -523.1520661248039 23
464 99 -517.9149493597198 13
465 67 -458.38010621510034 46
466 91 -456.8334658643918 52
467 822 -771.5593938041624 12
468 133 -543.8392984239961 3
469 185 -526.8655186626543 28
470 12 -501.4392984239959 3
471 10 -500.73929842399593 3
472 36 -462.90877704157595 36
473 50 -491.71572050340444 19
474 45 -489.96572050340444 19
475 161 -529.9934771573969 20
476 941 -786.5716103172056 31
477 109 -523.0593938041643 12
478 186 -548.61494935972 13
479 25 -492.2649493597198 13
480 101 -518.8649493597198 13
481 259 -505.44680500567335 56
482 18 -495.01971594891774 9
483 640 -709.4499842100661 11
484 515 -652.067141279533 21
485 364 -603.2839023215855 18
486 139 -517.8520661248039 23
487 216 -561.4999842100684 11
488 386 -621.0499842100676 11
489 98 -506.1671412795342 21
490 473 -651.7999842100671 11
491 164 -543.6499842100684 11
492 128 -542.039298423996 3
493 18 -503.5892984239959 3
494 184 -543.7643834162033 15
495 161 -534.2480532649826 17
496 400 -598.9406579362521 30
497 249 -565.0480532649826 17
498 229 -566.4499842100685 11
499 387 -600.4729635155948 26
500 438 -638.2093938041633 12
501 388 -559.8073789078703 53
502 38 -488.3657205034044 19
503 1001 -710.1446820824127 88
504 152 -449.6544024287395 70
505 185 -539.8157205034045 19
506 21 -482.41572050340443 19
507 102 -413.3153964459965 81
508 1001 -757.2440749476211 63
509 292 -512.8519112289904 61
510 629 -637.0990173950529 57
511 43 -465.25877704157597 36
512 755 -712.562435578159 37
513 263 -590.6964412811385 2
514 1001 -848.996441281142 2
515 1001 -837.836748915953 10
516 207 -568.378545735824 4
517 203 -569.6964412811388 2
518 1001 -830.7143834162052 15
519 202 -566.628545735824 4
520 619 -712.5785457358216 4
521 50 -491.71572050340444 19
522 51 -492.5157205034044 19
523 17 -501.7785457358239 4
524 32 -483.4171412795342 21
525 38 -491.1980532649825 17
526 1001 -756.0440749476213 63
527 85 -508.3582036409223 16
528 88 -507.23390232158624 18
529 130 -521.8839023215863 18
530 924 -789.0202397801863 25
531 781 -600.1025861573206 105
532 19 -481.71572050340444 19
533 276 -561.5229635155956 26
534 318 -589.408203640922 16
535 12 -501.48929842399593 3
536 165 -483.3334658643919 52
537 72 -466.2597699003934 42
538 28 -505.6285457358239 4
539 179 -470.34407494762456 63
540 109 -491.43757422062777 34
541 37 -499.2499842100683 11
542 330 -529.9867554902921 59
543 27 -499.8989130292097 8
544 48 -487.5866815094193 22
545 520 -630.4087770415749 36
546 131 -525.1582036409224 16
547 1 -498.9964412811388 2
548 1 -498.9964412811388 2
549 281 -548.6587770415761 36
550 45 -514.3964412811388 2
551 222 -509.53519096086313 48
552 1001 -737.3877208584961 72
553 153 -522.9020661248039 23
554 69 -497.7934771573968 20
555 65 -471.3624355781613 37
556 533 -588.8132865625893 66
557 188 -492.90424508517106 51
558 123 -512.2520661248038 23
559 418 -608.2214010155948 27
