0 14 -997.230533525495 6
1 4 -1002.482206405694 2
2 8 -989.8207862330763 5
3 19 -977.1837445797535 10
4 1 -994.982206405694 2
5 4 -1002.482206405694 2
6 2 -997.482206405694 2
7 35 -994.0747467985992 13
8 15 -1001.3207862330763 5
9 8 -1004.9464921199797 3
10 32 -1034.230533525495 6
11 73 -988.7603306240194 23
12 4 -994.9464921199797 3
13 1 -994.982206405694 2
14 187 -869.6417304535573 69
15 2 -997.482206405694 2
16 58 -937.3648175779771 26
17 12 -992.230533525495 6
18 34 -934.9673857869841 20
19 11 -978.1218378733212 7
20 17 -960.4999210503416 11
21 121 -857.8796892991757 54
22 5 -997.4464921199797 3
23 19 -971.4999210503416 11
24 91 -1067.169511607931 18
25 61 -876.0023872321711 35
26 1 -994.982206405694 2
27 26 -911.0857063976712 21
28 5 -989.8927286791195 4
29 26 -988.6837445797535 10
30 21 -966.7969690208214 12
31 4 -1002.482206405694 2
32 40 -924.2603306240194 23
33 7 -979.730533525495 6
34 26 -911.0857063976712 21
35 1 -994.982206405694 2
36 23 -934.9902663249123 17
37 1 -994.982206405694 2
38 19 -932.7910182046115 16
39 175 -945.5368945393502 53
40 2 -997.482206405694 2
41 36 -904.3511989009342 25
42 25 -939.9902663249123 17
43 30 -913.1834075470963 22
44 63 -870.7938852078796 36
45 30 -960.2910182046115 16
46 66 -798.4259548043153 47
47 51 -853.0023872321711 35
48 1 -994.982206405694 2
49 24 -913.9673857869841 20
50 30 -915.0857063976712 21
51 23 -942.7910182046115 16
52 44 -841.5023872321711 35
53 262 -694.7629307866123 105
54 172 -553.7999769135386 98
55 61 -819.6738495019667 43
56 106 -673.6886042924955 72
57 81 -727.745086975269 57
58 52 -936.3511989009342 25
59 301 -753.4745853049874 110
60 486 22.703696644648176 193
61 450 -570.7253380463699 145
62 253 257.4978837540891 176
63 78 -653.28865503517 67
64 85 -746.9784203086024 58
65 64 -792.3498981641094 45
66 83 -743.9784203086024 58
67 54 -794.1738495019667 43
68 261 75.95646891555464 166
69 2 -997.482206405694 2
70 114 -537.305417599958 85
71 146 -357.9745853049874 110
72 236 -2.657833351620525 156
73 97 -682.6417304535573 69
74 115 -628.414757763549 78
75 95 -535.42662972117 84
76 85 -550.5571802497848 80
77 148 -412.78546545533334 107
78 88 -706.2203747381229 63
79 128 -565.92662972117 84
80 284 948.0754057692533 218
81 106 -682.2305155002864 68
82 111 -410.93201540249083 100
83 149 -274.27071484950693 120
84 95 -486.9553691749635 89
85 20 -911.8286025170221 19
86 139 -317.3939839379641 114
87 72 -730.6954787728598 55
88 101 -586.5571802497848 80
89 102 -744.245086975269 57
90 42 -788.8994719086057 41
91 72 -728.6954787728598 55
92 71 -749.5368945393502 53
93 53 -778.8498981641094 45
94 207 75.31264283885571 158
95 281 50.20440226411779 161
96 85 -541.0769822299828 81
97 138 -407.18427910121886 104
98 113 -531.4541796428462 87
99 37 -817.7938852078796 36
100 81 -568.7928065440367 77
101 263 196.51079647038 172
102 276 318.2988840829197 181
103 111 -681.78865503517 67
104 61 -723.8796892991757 54
105 18 -906.8286025170221 19
106 230 165.45646891555464 166
107 82 -578.6374667382115 76
108 228 84.6836105807912 159
109 125 -518.1496696930983 90
110 231 -243.23996274515878 134
111 140 -233.99674717064795 123
112 198 -13.098887680480857 149
113 54 -717.0368945393502 53
114 39 -814.5621778908064 37
115 196 -70.44272935071797 144
116 240 -650.9541796428462 87
117 177 -143.7394268058281 138
118 255 540.2036966446477 193
119 105 -422.29997691353867 98
120 28 -906.0857063976712 21
121 182 -244.72388028968942 126
122 336 608.6858210239557 205
123 348 763.2393914762594 214
124 172 -197.21711412732543 130
125 79 -649.78865503517 67
126 223 -117.2253380463701 145
127 158 -58.658042814232886 142
128 39 -822.7938852078796 36
129 81 -587.44906094111 75
130 292 499.27601709831265 196
131 217 149.40518686427242 165
132 228 703.6357966812095 202
133 80 -584.94906094111 75
134 246 148.87251089456493 168
135 125 -347.4745853049874 110
136 185 112.18361058079097 159
137 175 -34.433367243450334 146
138 276 612.545315515354 199
139 264 147.1116413293479 167
140 184 202.4564689155544 166
141 57 -759.4259548043153 48
142 194 105.64702521493723 160
143 219 262.82031366063086 175
144 82 -597.2279070949562 74
145 295 1029.2295436340764 221
146 250 498.5370299779812 192
147 150 -1130.9905217055484 32
148 245 -346.1210989834376 136
149 701 83.79888408291959 181
150 415 109.05514720437259 188
151 231 -0.8163894192088037 159
152 261 269.47535467115506 180
153 141 -325.501126795107 115
154 359 817.7393914762594 214
155 526 1219.4325631539796 236
156 35 -861.7032896812647 30
157 201 -148.65804281423289 141
158 204 167.9051868642722 165
159 86 -586.6374667382115 76
160 364 2776.6925230709185 265
161 519 90.2607966812102 203
162 217 219.51079647037977 172
163 262 64.45603432189932 164
164 489 3228.934523717331 271
165 296 -311.1212757401822 148
166 312 691.8501409145913 208
167 59 -736.167329321959 52
168 187 141.357294826101 162
169 293 -41.79559773588221 161
170 93 -584.7928065440367 77
171 398 1778.285493466327 248
172 55 -728.167329321959 52
173 492 2247.914897188029 260
174 75 -627.6417304535573 69
175 338 1113.468361178604 227
176 27 -889.8163151800039 24
177 278 436.54252448347575 191
178 691 2051.005806278938 261
179 304 137.79977054654194 177
180 60 -732.0368945393502 53
181 352 174.75928012252405 182
182 95 -629.3710687474718 71
183 18 -906.8286025170221 19
184 84 -611.4743185782098 73
185 540 435.88309807694566 217
186 118 -430.6369334352778 99
187 210 234.71880805339117 170
188 429 1782.756081701621 249
189 293 465.0370299779812 192
190 19 -909.3286025170221 19
191 210 -33.09888768048086 149
192 200 9.447793039361727 152
193 212 159.90518686427242 165
194 460 1779.045854428893 251
195 321 2032.5297253966355 252
196 181 -25.433367243450334 146
197 120 -439.43201540249083 100
198 701 5852.461579994388 280
199 173 -18.565720184626798 147
200 91 -515.8054175999579 85
201 107 -540.1480571938665 86
202 90 -515.3054175999579 85
203 661 3110.2830085658156 274
204 63 -733.5368945393502 53
205 260 975.8830980769457 217
206 230 548.7036966446477 193
207 18 -914.6695116079311 18
208 267 674.6088979470323 204
209 85 -714.9784203086024 58
210 289 320.4894594669885 185
211 323 1016.8442977324373 223
212 38 -820.2938852078796 36
213 124 -520.0026681086397 93
214 517 13364.461579994386 282
215 220 177.11164132934766 167
216 309 2026.5297253966355 252
217 559 7471.461579994387 282
218 701 5998.461579994388 280
219 701 2712.0058062789376 261
220 126 -409.18427910121886 104
221 121 -557.4541796428462 87
222 701 6613.961579994387 281
223 119 -749.8141286654823 65
224 37 -834.1878711031388 34
225 319 1531.7542226202302 240
226 28 -892.3163151800039 24
227 701 3899.116341899148 273
228 200 215.8725108945647 168
229 29 -862.8275933132711 28
230 143 -495.5022436964506 96
231 46 -773.7742679120086 44
232 78 -579.94906094111 75
233 672 7256.961579994388 282
234 354 810.2393914762591 214
235 117 -318.7769108863828 111
236 194 64.34216664837959 156
237 153 -901.3609074963026 60
238 678 12945.961579994388 282
239 20 -911.8286025170221 19
240 169 -11.621275740182341 148
241 450 13473.961579994388 282
242 220 7.342166648379475 156
243 66 -685.8609074963026 60
244 352 1906.4833544288938 250
245 325 1886.756081701621 249
246 38 -820.2938852078796 36
247 37 -817.7938852078796 36
248 24 -906.0857063976711 21
249 1 -994.982206405694 2
250 18 -906.8286025170221 19
251 425 967.9683611786037 227
252 445 4949.961579994388 279
253 42 -830.2938852078796 36
254 242 353.2988840829197 181
255 406 145.05514720437327 189
256 79 -582.44906094111 75
257 141 -348.0312968512951 112
258 261 55.37251089456515 168
259 203 392.7988840829197 181
260 393 1223.5820529498988 232
261 49 -823.0283873254 39
262 605 1814.3605493619416 258
263 628 13228.961579994388 282
264 357 1406.918070400357 238
265 233 703.1357966812095 202
266 184 44.224179443654975 154
267 258 407.0551472043735 189
268 350 250.54252448347552 191
269 701 5261.961579994388 279
270 355 2755.192523070918 265
271 303 1095.2426028171828 224
272 279 1100.844297732437 223
273 191 -45.5657201846268 147
274 561 4791.961579994388 279
275 289 1028.2295436340764 221
276 630 1871.110549361942 259
277 125 -377.79682909169696 106
278 57 -724.5368945393502 53
279 19 -909.3286025170221 19
280 19 -909.3286025170221 19
281 55 -719.5368945393502 53
282 616 7334.961579994388 282
283 98 -769.6954787728598 55
284 127 -314.2371792042363 113
285 15 -930.571917081016 15
286 606 5167.961579994388 280
287 522 3246.434523717331 271
288 558 5993.461579994388 281
289 109 -513.9553691749636 89
290 149 -203.08864455767946 128
291 469 5334.461579994388 280
292 242 338.97535467115506 180
293 217 -242.23996274515878 134
294 701 6701.961579994388 281
295 601 13340.461579994388 282
296 109 -420.1369334352778 99
297 86 -562.5029930576666 79
298 469 3029.9729852557925 269
299 41 -803.0283873254 39
300 233 557.5463932738613 194
301 39 -853.4905217055485 32
302 235 205.30809376767718 171
303 29 -910.5857063976712 21
304 480 13460.961579994386 282
305 327 784.8046088675635 213
306 59 -755.9003137786744 49
307 67 -761.3488116327516 50
308 139 -276.4210215979732 119
309 575 13345.461579994388 282
310 145 -218.22388028968942 126
311 28 -884.3511989009342 25
312 264 583.2596012296398 198
313 37 -888.8648175779771 26
314 701 5918.461579994387 280
315 53 -748.9003137786744 49
316 24 -890.2603306240194 23
317 88 -602.94906094111 75
318 525 3114.9345237173306 271
319 535 3883.9615799943876 276
320 511 3764.033008565816 275
321 565 1806.0075579089505 255
322 36 -886.3648175779771 26
323 35 -883.8648175779771 26
324 133 -377.28546545533334 107
325 134 -456.6369334352777 99
326 26 -887.3163151800039 24
327 403 2198.460549361942 257
328 16 -925.2910182046115 16
329 105 -563.0769822299828 81
330 399 2235.3605493619425 258
331 243 514.0425244834755 191
332 654 13031.961579994388 282
333 325 -205.15783335162052 156
334 146 -317.05801302265195 116
335 333 1485.4635249458115 239
336 34 -873.3275933132711 28
337 701 5363.961579994388 279
338 28 -876.3648175779771 26
339 594 5863.461579994388 281
340 342 -116.14270517389878 162
341 310 447.171365935522 197
342 136 -362.9745853049874 110
343 503 5365.461579994387 280
344 227 227.82897828856164 173
345 426 2068.229780131173 256
346 136 -354.9745853049874 110
347 167 -108.08762027902162 140
348 393 -119.17102171143836 173
349 54 -717.0368945393502 53
350 80 -693.1294656472138 62
351 461 4943.961579994387 279
352 116 -423.43201540249083 100
353 30 -899.2603306240194 23
354 540 2914.4729852557925 269
355 461 2858.7586995415068 268
356 258 619.5453155153538 199
357 55 -719.5368945393502 53
358 50 -809.2259181895976 40
359 175 -148.7394268058281 138
360 174 -220.21711412732543 130
361 212 118.70440226411756 161
362 55 -719.5368945393502 53
363 183 161.607294826101 163
364 36 -815.2938852078796 36
365 37 -890.8648175779771 26
366 36 -815.2938852078796 36
367 345 1331.43256315398 235
368 62 -693.4784203086024 58
369 46 -885.3275933132711 28
370 521 2960.934523717331 270
371 198 -111.15804281423289 141
372 112 -928.3498981641094 45
373 37 -817.7938852078796 36
374 40 -825.2938852078796 36
375 134 -256.77071484950693 120
376 59 -915.8275933132711 28
377 77 -595.9743185782098 73
378 62 -693.4784203086024 58
379 448 3287.434523717331 271
380 466 5983.461579994387 281
381 56 -722.0368945393502 53
382 29 -878.8648175779771 26
383 607 7315.461579994388 282
384 570 13377.961579994388 282
385 642 13141.961579994388 282
386 296 1603.325651191658 241
387 54 -717.0368945393502 53
388 81 -587.44906094111 75
389 92 -547.0620568568484 82
390 56 -722.0368945393502 53
391 57 -724.5368945393502 53
392 460 1488.225004405838 245
393 78 -654.3164328129478 66
394 26 -905.0857063976712 21
395 337 950.9876081502056 220
396 130 -310.8939839379641 114
397 669 2651.9729852557925 269
398 2 -997.482206405694 2
399 497 681.8442977324373 222
400 101 -462.5026681086398 93
401 511 741.7158359260786 229
402 97 -744.9784203086024 58
403 91 -666.8164328129478 66
404 195 -75.5657201846268 147
405 37 -817.7938852078796 36
406 39 -822.7938852078796 36
407 642 7299.961579994388 282
408 596 7316.961579994388 282
409 53 -748.9003137786744 49
410 88 -795.8488116327516 50
411 550 3565.7830085658156 274
412 36 -815.2938852078796 36
413 86 -711.8609074963026 60
414 572 4746.461579994388 279
415 92 -535.5120568568485 83
416 95 -602.44906094111 75
417 701 5822.461579994388 280
418 187 -876.1886042924955 72
419 105 -562.0120568568485 83
420 592 7292.961579994388 282
421 440 583.2393914762594 214
422 169 -187.9407983378518 131
423 497 7470.461579994388 282
424 395 7593.461579994387 282
425 42 -830.2938852078796 36
426 418 2058.229780131173 256
427 36 -815.2938852078796 36
428 227 302.4978837540891 176
429 250 563.5691205465885 195
430 617 4002.4615799943876 277
431 530 4701.461579994388 279
432 79 -711.1837774514596 59
433 691 7243.461579994388 282
434 637 13292.461579994386 282
435 57 -724.5368945393502 53
436 444 1393.965895094097 243
437 66 -685.8609074963026 60
438 701 5958.461579994388 280
439 366 1502.3256511916584 241
440 384 1495.3256511916584 241
441 216 3.447793039361727 152
442 430 -447.9673571611445 157
443 451 564.3830980769457 217
444 249 471.21643752695365 190
445 162 -308.77071484950693 120
446 516 5994.461579994388 281
447 264 873.6617517247064 212
448 238 332.9753546711553 180
449 113 -824.4840250283664 56
450 388 1549.9658950940975 243
451 541 7372.461579994388 282
452 458 3414.616341899149 273
453 701 6533.961579994388 281
454 384 5498.961579994387 280
455 489 2407.3591897375845 264
456 145 -124.23996274515878 134
457 38 -812.0621778908064 37
458 143 -590.5620568568484 82
459 65 -683.3609074963026 60
460 437 1269.4635249458106 239
461 63 -678.3609074963026 60
462 63 -678.3609074963026 60
463 400 3009.2586995415068 268
464 97 -491.95536917496355 89
465 172 -173.70304999348093 133
466 436 13530.961579994386 282
467 66 -685.8609074963026 60
468 65 -683.3609074963026 60
469 67 -695.1837774514595 59
470 45 -837.7938852078796 36
471 107 -589.5571802497848 80
472 37 -817.7938852078796 36
473 119 -436.93201540249083 100
474 81 -911.30707584999 38
475 37 -817.7938852078796 36
476 321 1457.4635249458115 239
477 75 -708.3609074963026 60
478 38 -820.2938852078796 36
479 86 -710.1294656472137 62
480 38 -820.2938852078796 36
481 237 834.9041949686451 209
482 470 4883.461579994388 279
483 65 -683.3609074963026 60
484 66 -745.0368945393502 53
485 116 -721.1294656472137 62
486 65 -683.3609074963026 60
487 179 -599.5423506483222 94
488 347 1121.1047248149675 228
489 701 285.20369664464783 193
490 86 -865.2259181895976 40
491 219 209.30809376767695 171
492 84 -735.245086975269 57
493 433 781.0529476447692 225
494 558 13283.961579994388 282
495 2 -997.482206405694 2
496 152 -415.29682909169696 106
497 701 4044.283008565816 274
498 125 -569.1480571938666 86
499 374 3111.472985255793 269
500 366 4413.961579994387 277
501 32 -910.1834075470963 22
502 30 -865.3275933132711 28
503 401 3764.2830085658147 274
504 206 44.03264283885551 157
505 1 -994.982206405694 2
506 1 -994.982206405694 2
507 52 -789.1738495019667 43
508 1 -994.982206405694 2
509 1 -994.982206405694 2
510 1 -994.982206405694 2
511 1 -994.982206405694 2
512 308 499.27601709831265 196
