0 3 -499.6964412811388 2
1 2 -499.3464412811388 2
2 70 -496.5671412795342 21
3 1 -498.9964412811388 2
4 49 -490.4434771573968 20
5 14 -499.4141572466153 5
6 53 -483.47296351559544 26
7 37 -489.3839023215862 18
8 113 -485.861415169998 38
9 2 -499.3464412811388 2
10 42 -488.0434771573968 20
11 4 -500.0464412811388 2
12 1 -498.9964412811388 2
13 7 -495.64610670509904 6
14 2 -499.3464412811388 2
15 19 -497.0989130292097 8
16 5 -497.6785457358239 4
17 2 -499.3464412811388 2
18 1 -498.9964412811388 2
19 46 -488.1671412795342 21
20 26 -502.296106705099 6
21 71 -478.1375742206278 34
22 16 -490.50939380416423 12
23 41 -486.36714127953417 21
24 11 -490.1499842100683 11
25 4 -500.0464412811388 2
26 22 -495.3867489159507 10
27 190 -416.0504487392901 96
28 132 -434.99558141899126 74
29 46 -512.0285457358239 4
30 96 -480.661415169998 38
31 167 -422.89468208241544 88
32 15 -487.3666222221733 14
33 43 -465.2587770415759 36
34 17 -488.06662222217335 14
35 47 -466.7587770415759 36
36 36 -462.90877704157595 36
37 114 -450.95191122899024 61
38 145 -437.789812188222 75
39 69 -441.94901739505383 57
40 32 -471.8052824421818 29
41 98 -443.5258931294427 62
42 540 -510.22497486446576 109
43 70 -451.10424508517104 51
44 50 -467.8087770415759 36
45 179 -468.6064037147479 64
46 451 -528.4110835199918 85
47 761 -664.4283460907101 69
48 154 -452.8461031000573 68
49 91 -456.0573789078701 53
50 142 -473.0573789078701 53
51 61 -443.92593785983513 54
52 167 -407.90847012966424 95
53 180 -440.4505986115331 79
54 555 -576.3783460907109 69
55 465 -550.1242137494942 71
56 114 -404.5446820824153 88
57 85 -430.957731007034 67
58 985 -724.1505986115309 79
59 147 -550.0964412811389 2
60 517 -547.3110835199916 85
61 192 -443.6114360499568 80
62 179 -404.73640308049806 100
63 74 -424.0783460907115 69
64 121 -408.19083592856913 87
65 54 -443.10737890787004 53
66 220 -355.88815966757016 131
67 70 -448.70737890787007 53
68 69 -448.35737890787004 53
69 54 -443.10737890787004 53
70 76 -424.77834609071147 69
71 73 -430.36282573309643 65
72 64 -446.60737890787004 53
73 120 -442.75773100703395 67
74 74 -424.0783460907115 69
75 175 -459.42834609071144 69
76 363 -551.2573789078704 53
77 70 -426.007731007034 67
78 398 -530.1448637156421 73
79 296 -501.77834609071147 69
80 126 -431.84558141899106 74
81 320 -425.1502253590204 115
82 98 -425.7448637156418 73
83 82 -442.7867554902919 59
84 340 -516.9783460907115 69
85 820 -579.1257645284692 124
86 73 -452.90424508517106 51
87 54 -446.254245085171 51
88 56 -446.954245085171 51
89 345 -518.3283460907114 69
90 248 -484.9783460907115 69
91 236 -423.1369525310471 101
92 55 -446.604245085171 51
93 281 -496.52834609071147 69
94 183 -329.9427129473724 137
95 208 -403.659365818339 106
96 277 -393.8493494341295 123
97 134 -422.7624113713694 82
98 137 -386.3289414813238 102
99 96 -412.7614360499569 80
100 40 -470.0481043411097 32
101 314 -321.1874714322292 158
102 125 -419.3124113713695 82
103 133 -379.45258615732234 105
104 244 -365.94342282546455 130
105 248 -315.21044139212745 152
106 54 -446.254245085171 51
107 229 -345.97421979668775 136
108 163 -381.1749748644655 109
109 20 -482.0657205034044 19
110 159 -368.8002253590212 115
111 199 -272.8785410347799 162
112 120 -426.6585613088074 77
113 53 -447.4697623265503 50
114 77 -418.44486371564193 73
115 83 -411.9829515527098 78
116 17 -483.84805326498247 17
117 183 -335.4979925490318 134
118 89 -403.535325944234 84
119 81 -413.0085613088073 77
120 129 -368.44491706099757 110
121 89 -438.59407494762456 63
122 76 -418.0948637156419 73
123 53 -445.904245085171 51
124 122 -381.52894148132384 102
125 80 -417.7955814189912 74
126 101 -389.65847012966447 94
127 17 -483.84805326498247 17
128 59 -447.854245085171 51
129 240 -289.7591195471765 161
130 133 -357.9616026045304 116
131 178 -292.21044139212773 152
132 87 -406.41241137136967 82
133 704 -312.4978406637574 203
134 229 -263.4018136105609 169
135 38 -463.60877704157593 36
136 225 -227.04022318341623 181
137 368 -125.45247836996009 220
138 222 -269.7087062168893 166
139 55 -448.1197623265503 50
140 77 -416.74558141899126 74
141 235 -227.14814397549543 182
142 28 -476.27023978018684 25
143 161 -317.5895520278324 139
144 119 -407.6908359285692 87
145 79 -415.739812188222 75
146 223 -319.2131440369253 147
147 271 -317.80516411126916 154
148 776 -446.4383812464624 171
149 55 -443.45737890787007 53
150 85 -416.12749334764226 76
151 86 -409.5614360499569 80
152 421 -89.53607809780533 230
153 19 -481.71572050340444 19
154 19 -481.71572050340444 19
155 19 -481.71572050340444 19
156 18 -481.3657205034044 19
157 147 -381.8093658183393 106
158 312 -289.90623838932146 170
159 384 -105.83941047104679 225
160 174 -381.7053821772764 111
161 37 -463.2587770415759 36
162 162 -334.17060999869614 132
163 513 -429.7673228485607 143
164 358 -231.70926067107143 193
165 153 -350.0993494341296 123
166 406 -452.76160260452974 116
167 222 -376.611849434129 122
168 819 -419.2521081066018 185
169 428 -451.63420431959344 119
170 367 -258.64489161175686 186
171 1001 -821.9671412795357 21
172 773 -729.915518662652 28
173 257 -578.8197159489176 9
174 87 -522.2743675746642 7
175 297 -592.7197159489174 9
176 1001 -840.7989130292123 8
177 192 -557.6489130292099 8
178 951 -817.7593938041655 12
179 165 -556.396441281139 2
180 458 -649.3697159489166 9
181 52 -493.2657205034044 19
182 113 -462.8573789078701 53
183 187 -366.9541429699014 120
184 89 -401.7610835199916 85
185 354 -422.9634022291606 121
186 254 -458.6110835199912 85
187 105 -416.1114360499568 80
188 46 -457.35976990039336 42
189 538 -567.6614360499568 80
190 970 -718.7614360499545 80
191 300 -414.0116026045297 116
192 333 -393.27060999869514 132
193 41 -464.65877704157595 36
194 36 -464.40047744643425 35
195 1001 -424.2543221452363 201
196 55 -462.0298943817212 41
197 27 -484.5157205034044 19
198 253 -566.4480532649826 17
199 155 -533.5582036409223 16
200 887 -350.0299718170804 208
201 77 -481.5201043411097 33
202 243 -444.5799339386192 90
203 72 -499.66572050340443 19
204 122 -471.61976232655036 50
205 229 -397.09743584084663 113
206 523 -597.3867554902915 59
207 241 -457.30241137136966 83
208 29 -475.1729635155954 26
209 60 -454.38519096086304 47
210 190 -449.38295155270947 78
211 140 -412.7946820824152 88
212 29 -476.62023978018686 25
213 1001 -615.7706099986956 132
214 307 -413.76280742380754 117
215 538 -525.0122748146573 103
216 148 -468.7968050056732 56
217 265 -572.0582036409223 16
218 125 -523.0582036409223 16
219 209 -413.2369525310475 101
220 128 -462.6490173950538 57
221 356 -496.58532594423417 84
222 144 -415.0446820824153 88
223 124 -408.6446820824152 88
224 382 -432.9134022291601 121
225 216 -345.9925871436259 135
226 349 -501.6114360499567 80
227 130 -424.96143604995666 80
228 117 -416.9124113713695 82
229 811 -641.1847441480422 92
230 1001 -651.7041429698991 120
231 769 -570.4134022291595 121
232 439 -533.1114360499568 80
233 114 -401.2299339386195 90
234 1001 -727.965396445994 81
235 949 -702.7610835199895 85
236 1001 -731.4505986115307 79
237 67 -461.60485358240174 44
238 1001 -732.8329515527072 78
239 184 -434.9610835199913 85
240 99 -410.6124113713696 82
241 530 -457.0206099986958 132
242 177 -425.1410738349923 89
243 17 -483.84805326498247 17
244 57 -448.8697623265503 50
245 194 -430.9910738349924 89
246 143 -412.9410738349925 89
247 19 -481.71572050340444 19
248 181 -460.7783460907116 69
249 100 -453.54680500567326 56
250 100 -412.51539644599654 81
251 55 -468.70877704157596 36
252 313 -487.2653964459963 81
253 641 -602.065396445996 81
254 152 -430.8653964459962 81
255 438 -527.0024113713696 83
256 1001 -725.8124113713673 82
257 54 -450.9351909608631 48
258 1001 -619.1425871436259 135
259 72 -442.6990173950538 57
260 229 -459.61143604995664 80
261 1001 -704.1084701296619 94
262 60 -454.5351909608631 47
263 66 -434.50191122899025 61
264 77 -428.507731007034 67
265 84 -474.30567746508 39
266 320 -488.6153964459967 81
267 82 -411.63295155270976 78
268 331 -479.0446820824152 88
269 103 -426.6948637156419 73
270 102 -433.77834609071147 69
271 241 -433.9504487392894 96
272 140 -418.3610835199915 85
273 952 -624.8257645284682 124
274 1001 -715.2946820824127 88
275 1001 -731.0505986115306 79
276 786 -502.31311314785324 151
277 196 -431.7410738349923 89
278 868 -679.012411371368 82
279 439 -553.2461031000576 68
280 189 -442.11241137136926 82
281 22 -489.81662222217335 14
282 133 -434.28981218822173 75
283 630 -599.8614360499564 80
284 297 -479.1624113713699 82
285 1001 -731.5505986115306 79
286 94 -453.789095754572 55
287 445 -534.7114360499568 80
288 55 -445.0334658643918 52
289 634 -601.1614360499563 80
290 231 -460.21143604995666 80
291 186 -435.0610835199912 85
292 120 -417.61241137136966 82
293 268 -493.71328656258953 66
294 373 -485.7505336217281 93
295 14 -499.4641572466153 5
296 1001 -725.9153964459942 81
297 506 -538.7799339386198 90
298 286 -468.57961143877344 86
299 119 -456.186755490292 59
300 482 -536.8296114387732 86
301 34 -466.6701043411097 33
302 173 -324.2478853611656 138
303 196 -374.1537165147163 118
304 135 -471.9334658643918 52
305 121 -439.7283460907115 69
306 178 -358.9493494341293 123
307 46 -466.40877704157595 36
308 306 -323.3434714322286 157
309 171 -352.1909544018869 125
310 16 -484.9082036409223 16
311 450 -398.2366734486889 146
312 653 -601.7024113713692 83
313 138 -367.85625937025895 112
314 407 -566.6573789078703 53
315 352 -386.1927129473717 137
316 615 -417.35911954717534 161
317 80 -437.47589312944274 62
318 277 -437.63640308049753 100
319 109 -486.0624355781614 37
320 373 -483.7084701296644 94
321 209 -396.29491706099725 110
322 159 -369.1502253590212 115
323 288 -439.48695253104717 101
324 733 -587.3369525310467 101
325 118 -404.5910738349926 89
326 218 -399.7449170609973 110
327 22 -482.7657205034044 19
328 143 -433.5085613088074 77
329 758 -426.5470483789834 174
330 42 -474.8052824421818 29
331 121 -445.5632865625896 66
332 1001 -723.5524113713673 83
333 980 -712.6610835199895 85
334 1001 -749.8461031000545 68
335 614 -470.06752405580454 140
336 1001 -726.0624113713673 82
337 58 -459.78476990039337 43
338 32 -478.9632630360008 24
339 1001 -727.6614360499545 80
340 145 -420.31108351999137 85
341 1001 -675.3456645196358 108
342 12 -493.26971594891774 9
343 195 -453.07749334764236 76
344 154 -505.6504774464342 35
345 218 -517.3597699003934 42
346 47 -466.4587770415759 36
347 495 -558.8774933476424 76
348 425 -511.8410738349927 89
349 67 -439.6956840617205 58
350 237 -489.30640371474794 64
351 51 -468.15877704157595 36
352 55 -454.3801062151004 46
353 401 -520.3005986115335 79
354 74 -483.62161031720535 31
355 51 -452.98010621510036 46
356 84 -497.0132630360008 24
357 661 -632.6440749476236 63
358 39 -465.4504774464342 35
359 135 -497.458777041576 36
360 361 -515.4455814189914 74
361 258 -464.96241137136974 82
362 643 -651.9042450851696 51
363 239 -498.286755490292 59
364 58 -516.2285457358239 4
365 316 -525.2367554902921 59
366 488 -609.0048535824011 44
367 1001 -670.9449170609946 110
368 771 -714.0451836379171 40
369 753 -661.4783460907101 69
370 1001 -800.7504774464342 35
371 228 -528.6124355781614 37
372 37 -467.72010434110973 33
373 77 -425.17834609071144 69
374 478 -565.5283460907117 69
375 21 -482.41572050340443 19
376 54 -469.20877704157596 36
377 478 -546.5614360499573 80
378 1001 -757.2440749476219 63
379 41 -469.1201043411097 33
380 1001 -727.8614360499546 80
381 101 -500.1729635155954 26
382 41 -496.4666222221733 14
383 1001 -790.8597699003927 42
384 109 -492.8201043411097 33
385 669 -628.0242137494928 71
386 285 -550.2875742206279 34
387 1001 -785.5048535824008 44
388 1001 -728.511436049954 80
389 435 -621.6020661248028 23
390 702 -567.9449170609973 110
391 29 -485.21572050340444 19
392 338 -517.9461031000573 68
393 118 -509.80206612480384 23
394 834 -688.4783460907098 69
395 56 -494.66572050340443 19
396 30 -485.5657205034044 19
397 115 -515.3157205034043 19
398 48 -491.8657205034044 19
399 52 -493.2657205034044 19
400 27 -484.5157205034044 19
401 170 -535.9839023215864 18
402 440 -609.9981043411091 32
403 458 -577.6490173950538 57
404 954 -749.8490173950527 57
405 146 -534.61494935972 13
406 9 -492.2197159489177 9
407 1001 -760.6519112289868 61
408 1001 -815.2729635155972 26
409 1001 -814.2729635155963 26
410 901 -633.3062593702567 112
411 522 -567.5774933476425 76
412 365 -615.43674891595 10
413 740 -746.6867489159479 10
414 208 -561.8697159489179 9
415 447 -595.1847699003929 43
416 414 -643.5464412811377 2
417 274 -594.5464412811384 2
418 109 -536.7964412811389 2
419 190 -555.5697159489179 9
420 145 -549.3964412811389 2
421 169 -557.796441281139 2
422 43 -513.6964412811388 2
423 163 -481.2073789078701 53
424 1001 -747.6283460907075 69
425 414 -567.2759378598354 54
426 1001 -768.93909575457 55
427 773 -733.9714010155925 27
428 10 -502.1464412811388 2
429 758 -687.0259378598336 54
430 410 -540.9783460907117 69
431 166 -540.2166222221734 14
432 34 -498.1999842100683 11
433 166 -436.661436049957 80
434 43 -484.2020661248039 23
435 64 -479.92161031720536 31
436 120 -431.44558141899125 74
437 126 -441.17834609071144 69
438 102 -456.63909575457194 55
439 225 -443.8908359285691 87
440 82 -478.358777041576 36
441 18 -485.6082036409223 16
442 371 -559.3800627557351 49
443 291 -523.2573789078701 53
444 669 -629.0258931294419 62
445 383 -609.1157205034038 19
446 616 -690.6657205034026 19
447 34 -486.96572050340444 19
448 135 -510.7714010155954 27
449 52 -493.2657205034044 19
450 864 -720.3468050056711 56
451 85 -491.8655186626542 28
452 6 -499.3392984239959 3
453 432 -587.7951836379191 40
454 555 -678.6593938041627 12
455 723 -731.5582036409199 16
456 28 -494.2093938041642 12
457 304 -556.3087770415761 36
458 208 -542.1520661248039 23
459 133 -525.1582036409224 16
460 81 -506.9582036409223 16
461 453 -606.6124355781608 37
462 8 -497.36415724661526 5
463 1001 -830.6149493597222 13
464 1001 -807.6716103172055 31
465 596 -668.7052824421801 29
466 376 -620.669715948917 9
467 92 -526.7641572466154 5
468 209 -566.3461067050991 6
469 36 -508.5285457358239 4
470 303 -599.2461067050986 6
471 362 -608.4666222221728 14
472 547 -676.1093938041626 12
473 567 -683.2593938041625 12
474 207 -557.0593938041644 12
475 1001 -792.2556774650791 39
476 1001 -825.0157205034061 19
477 1001 -816.6149493597229 13
478 834 -753.3582036409222 16
479 1001 -817.8132630360026 24
480 1001 -806.3171412795368 21
481 1001 -822.2671412795356 21
482 938 -799.0366815094192 22
483 747 -733.0671412795316 21
484 1001 -839.3197159489204 9
485 812 -751.8132630359977 24
486 1001 -826.7339023215877 18
487 89 -504.7934771573968 20
488 555 -664.9671412795328 21
489 1001 -819.6020661248049 23
490 416 -628.2093938041635 12
491 88 -512.9166222221734 14
492 1001 -817.5520661248052 23
493 347 -578.5716103172051 31
494 33 -480.90206612480387 23
495 21 -485.2480532649825 17
496 36 -488.28390232158625 18
497 1 -498.9964412811388 2
498 16 -487.7166222221733 14
499 35 -489.9980532649825 17
500 16 -486.3143834162032 15
501 1 -498.9964412811388 2
502 9 -494.9743675746642 7
503 1 -498.9964412811388 2
504 9 -494.9743675746642 7
505 1 -498.9964412811388 2
506 1001 -837.4867489159531 10
507 383 -591.7716103172048 31
508 358 -584.4906579362525 30
509 743 -712.1201043411077 33
510 100 -530.928545735824 4
511 7 -499.6892984239959 3
512 647 -709.9649493597176 13
513 1001 -833.2149493597219 13
514 1001 -830.9643834162052 15
515 1001 -836.3499842100707 11
516 1001 -808.0216103172056 31
517 1001 -835.1093938041664 12
518 1001 -812.9229635155964 26
519 1001 -795.5114151699975 38
520 1001 -803.4875742206275 34
521 1001 -785.0934771574007 20
522 990 -843.5392984239988 3
523 258 -587.5392984239957 3
524 13 -503.1964412811388 2
525 240 -581.2392984239958 3
526 119 -538.789298423996 3
527 1001 -848.8464412811419 2
528 230 -577.7392984239958 3
529 93 -529.789298423996 3
530 190 -563.6392984239961 3
531 361 -595.2520661248035 23
532 1001 -775.1334658643902 52
533 19 -481.71572050340444 19
534 19 -481.71572050340444 19
535 18 -481.3657205034044 19
536 18 -481.3657205034044 19
537 218 -535.390657936253 30
538 40 -488.21572050340444 19
539 2 -499.3464412811388 2
540 2 -499.3464412811388 2
541 2 -499.3464412811388 2
542 1001 -804.97010434111 33
543 357 -623.596441281138 2
544 930 -763.1548535823993 44
545 88 -529.4464412811388 2
546 13 -492.2367489159507 10
547 1001 -806.59810434111 32
548 1001 -780.5800627557335 49
549 933 -736.4259378598331 54
550 1001 -763.1490173950524 57
551 468 -626.8714010155945 27
552 62 -482.25528244218185 29
553 245 -546.205282442182 29
554 479 -619.2504774464335 35
555 27 -481.6671412795342 21
556 1001 -804.1701043411099 33
557 26 -478.4520661248039 23
558 63 -475.2375742206278 34
559 469 -608.8056774650793 39
560 213 -535.2155186626543 28
561 351 -573.1087770415759 36
562 48 -493.0839023215862 18
563 41 -490.6339023215862 18
564 561 -672.3339023215847 18
565 1001 -827.5480532649842 17
566 355 -572.812435578161 37
567 160 -532.4339023215863 18
568 393 -613.8839023215855 18
569 883 -766.621610317204 31
570 475 -642.6839023215852 18
571 484 -641.8157205034036 19
572 67 -522.0964412811388 2
573 527 -635.8504774464333 35
574 146 -520.1520661248039 23
575 939 -775.7614151699966 38
576 93 -490.1716103172053 31
577 28 -484.66572050340443 19
578 35 -481.55206612480384 23
579 200 -542.0671412795343 21
580 20 -505.6464412811388 2
581 94 -507.9657205034044 19
582 21 -482.41572050340443 19
583 1 -498.9964412811388 2
584 24 -483.41572050340443 19
585 1 -498.9964412811388 2
586 993 -809.0155186626549 28
587 62 -486.72296351559544 26
588 87 -482.2504774464342 35
589 698 -694.7004774464325 35
590 2 -499.3464412811388 2
591 1 -498.9964412811388 2
592 45 -489.96572050340444 19
593 1 -498.9964412811388 2
594 2 -499.3464412811388 2
595 2 -499.3464412811388 2
596 4 -500.0464412811388 2
597 2 -499.3464412811388 2
598 2 -499.3464412811388 2
599 2 -499.3464412811388 2
600 2 -499.3464412811388 2
601 2 -499.3464412811388 2
602 31 -489.9082036409223 16
603 100 -533.6464412811389 2
604 1001 -833.0649493597217 13
605 1001 -829.2582036409242 16
606 164 -536.5582036409223 16
607 755 -743.2582036409196 16
608 386 -614.2082036409216 16
609 176 -540.7582036409224 16
610 320 -589.6980532649821 17
611 157 -529.7082036409224 16
612 125 -501.6052824421818 29
613 56 -497.2082036409223 16
614 75 -502.49805326498245 17
615 489 -642.3934771573963 20
616 611 -686.0671412795324 21
617 250 -556.552066124804 23
618 128 -516.6671412795342 21
619 229 -560.6143834162034 15
620 22 -492.60939380416426 12
621 1001 -836.5499842100706 11
622 1001 -833.7149493597219 13
623 42 -489.5657205034044 19
624 526 -651.8020661248024 23
625 1001 -826.7839023215879 18
626 1001 -826.7839023215879 18
627 1001 -812.1655186626552 28
628 546 -647.1981043411083 32
629 1001 -837.7367489159531 10
630 1001 -819.433902321588 18
631 340 -596.7480532649821 17
632 298 -579.2657205034043 19
633 712 -722.4934771573944 20
634 1001 -824.3339023215882 18
635 1001 -833.5093938041668 12
636 1001 -811.1155186626547 28
637 1001 -803.79810434111 32
638 1001 -790.2097699003925 42
639 1001 -819.3520661248051 23
640 952 -809.4339023215867 18
641 439 -635.7166222221723 14
642 350 -581.4906579362528 30
643 89 -506.2157205034044 19
644 2 -499.3464412811388 2
645 1 -498.9964412811388 2
646 1 -498.9964412811388 2
647 1 -498.9964412811388 2
648 303 -579.6934771573966 20
649 1 -498.9964412811388 2
650 255 -567.0480532649825 17
651 1001 -834.9093938041664 12
652 730 -734.7082036409197 16
653 1001 -839.4197159489204 9
654 1001 -835.1593938041669 12
655 1001 -836.649984210071 11
656 559 -664.9520661248024 23
657 1001 -833.864949359722 13
658 1001 -829.6082036409241 16
659 539 -679.098913029208 8
660 633 -699.4480532649804 17
661 1001 -840.5989130292122 8
662 179 -561.296441281139 2
663 1001 -827.8980532649844 17
664 1001 -842.074367574667 7
665 900 -798.5149493597198 13
666 619 -700.1649493597179 13
667 1001 -833.3649493597219 13
668 1 -498.9964412811388 2
669 663 -712.4643834162009 15
670 1 -498.9964412811388 2
671 16 -486.3143834162032 15
672 1 -498.9964412811388 2
673 1 -498.9964412811388 2
674 12 -489.10939380416426 12
675 10 -491.1867489159507 10
676 1 -498.9964412811388 2
677 16 -494.6697159489177 9
678 1 -498.9964412811388 2
679 60 -511.4489130292097 8
680 1 -498.9964412811388 2
681 6 -499.3392984239959 3
682 172 -543.71494935972 13
683 55 -501.31662222217335 14
684 1 -498.9964412811388 2
685 2 -499.3464412811388 2
686 387 -604.3020661248033 23
687 5 -498.98929842399593 3
688 5 -498.98929842399593 3
689 1 -498.9964412811388 2
690 4 -497.3285457358239 4
691 1 -498.9964412811388 2
692 51 -515.089298423996 3
693 2 -499.3464412811388 2
694 15 -502.48929842399593 3
695 5 -500.3964412811388 2
696 7 -501.0964412811388 2
697 1 -498.9964412811388 2
698 1 -498.9964412811388 2
699 10 -502.1464412811388 2
700 18 -503.5892984239959 3
701 1001 -832.3666222221755 14
702 1001 -844.7141572466181 5
703 528 -658.3934771573954 20
704 1001 -829.0582036409241 16
705 939 -790.871401015595 27
706 4 -500.0464412811388 2
707 27 -490.1643834162032 15
708 528 -670.9999842100667 11
709 1 -498.9964412811388 2
710 2 -499.3464412811388 2
711 1 -498.9964412811388 2
712 6 -500.7464412811388 2
713 303 -570.7729635155954 26
714 2 -499.3464412811388 2
715 31 -506.6785457358239 4
716 109 -513.2157205034044 19
717 45 -496.3643834162032 15
718 6 -500.7464412811388 2
719 51 -495.7480532649825 17
720 4 -500.0464412811388 2
721 1 -498.9964412811388 2
722 2 -499.3464412811388 2
723 108 -512.8657205034044 19
724 73 -504.7582036409223 16
725 2 -499.3464412811388 2
726 1 -498.9964412811388 2
727 1001 -816.8202397801879 25
728 24 -490.51662222217334 14
729 182 -558.1141572466154 5
730 17 -497.7743675746642 7
731 60 -515.2141572466153 5
732 1 -498.9964412811388 2
733 1 -498.9964412811388 2
734 1 -498.9964412811388 2
735 1 -498.9964412811388 2
736 709 -739.4243675746616 7
737 1 -498.9964412811388 2
738 71 -498.2934771573968 20
739 28 -496.9867489159507 10
740 56 -498.7082036409223 16
741 102 -512.0839023215863 18
742 2 -499.3464412811388 2
743 35 -497.10939380416426 12
744 1 -498.9964412811388 2
745 1 -498.9964412811388 2
746 123 -523.3143834162032 15
747 115 -509.30206612480384 23
748 61 -494.8934771573968 20
749 1 -498.9964412811388 2
750 1001 -817.7632630360018 24
751 1 -498.9964412811388 2
752 28 -482.0171412795342 21
753 42 -489.7157205034044 19
754 6 -499.3392984239959 3
755 115 -491.7504774464343 35
756 1 -498.9964412811388 2
757 48 -504.4867489159507 10
758 127 -519.4657205034044 19
759 2 -499.3464412811388 2
760 1 -498.9964412811388 2
761 1 -498.9964412811388 2
762 448 -608.2504774464333 35
763 350 -588.1702397801863 25
764 289 -583.1666222221731 14
765 1 -498.9964412811388 2
766 1 -498.9964412811388 2
767 1 -498.9964412811388 2
768 90 -502.18668150941926 22
769 454 -620.4655186626534 28
770 540 -648.8052824421803 29
771 285 -581.4166222221731 14
772 8 -498.6285457358239 4
773 33 -492.0143834162032 15
774 7 -498.2785457358239 4
775 8 -498.6285457358239 4
776 1 -498.9964412811388 2
777 51 -499.56662222217335 14
778 8 -497.36415724661526 5
779 7 -498.2785457358239 4
780 7 -498.2785457358239 4
781 1 -498.9964412811388 2
782 677 -717.114383416201 15
783 2 -499.3464412811388 2
784 2 -499.3464412811388 2
785 93 -527.0141572466154 5
786 2 -499.3464412811388 2
787 40 -500.2499842100683 11
788 1 -498.9964412811388 2
789 1 -498.9964412811388 2
790 16 -500.11415724661526 5
791 1 -498.9964412811388 2
792 55 -509.3989130292097 8
793 1001 -826.7143834162046 15
794 75 -512.4499842100684 11
795 1 -498.9964412811388 2
796 1 -498.9964412811388 2
797 61 -504.7649493597198 13
798 1 -498.9964412811388 2
799 3 -499.6964412811388 2
800 12 -494.6489130292097 8
801 130 -530.1093938041643 12
802 212 -559.1093938041644 12
803 1001 -829.6582036409241 16
804 703 -733.8697159489152 9
805 3 -499.6964412811388 2
806 7 -501.0964412811388 2
807 11 -502.4964412811388 2
808 123 -529.3499842100683 11
809 7 -501.0964412811388 2
810 6 -500.7464412811388 2
811 1 -498.9964412811388 2
812 2 -499.3464412811388 2
813 5 -500.3964412811388 2
814 2 -499.3464412811388 2
815 4 -500.0464412811388 2
816 2 -499.3464412811388 2
817 4 -497.3285457358239 4
818 2 -499.3464412811388 2
819 1 -498.9964412811388 2
820 1 -498.9964412811388 2
821 1 -498.9964412811388 2
822 1 -498.9964412811388 2
823 1 -498.9964412811388 2
824 2 -499.3464412811388 2
825 1001 -833.2649493597222 13
826 218 -573.589298423996 3
827 1001 -800.3587770415763 36
828 815 -749.7729635155926 26
829 674 -710.6157205034021 19
830 421 -623.5839023215854 18
831 1 -498.9964412811388 2
832 558 -667.4171412795325 21
833 109 -507.2020661248039 23
834 16 -497.1743675746642 7
835 2 -499.3464412811388 2
836 383 -602.8520661248033 23
837 176 -552.0489130292099 8
838 1 -498.9964412811388 2
839 1 -498.9964412811388 2
840 940 -812.164949359721 13
841 2 -499.3464412811388 2
842 1 -498.9964412811388 2
843 1 -498.9964412811388 2
844 39 -509.4785457358239 4
845 1 -498.9964412811388 2
846 3 -498.3392984239959 3
847 89 -476.75567746508005 39
848 109 -525.5867489159507 10
849 24 -484.78390232158625 18
850 1 -498.9964412811388 2
851 756 -741.0839023215834 18
852 273 -573.4480532649825 17
853 1 -498.9964412811388 2
854 432 -633.3166222221723 14
855 1001 -833.414949359722 13
856 24 -490.3666222221733 14
857 1 -498.9964412811388 2
858 1 -498.9964412811388 2
859 1 -498.9964412811388 2
860 1 -498.9964412811388 2
861 1 -498.9964412811388 2
862 1 -498.9964412811388 2
863 15 -501.0785457358239 4
864 15 -492.8367489159507 10
865 33 -490.7582036409223 16
866 1 -498.9964412811388 2
867 161 -511.1201043411097 33
868 1 -498.9964412811388 2
869 2 -499.3464412811388 2
870 12 -495.9743675746642 7
871 1 -498.9964412811388 2
872 11 -501.0892984239959 3
873 411 -624.2643834162023 15
874 157 -515.2552824421819 29
875 1 -498.9964412811388 2
876 48 -486.98668150941927 22
877 29 -483.6934771573968 20
878 1 -498.9964412811388 2
879 27 -502.14610670509904 6
880 35 -476.97296351559544 26
881 1001 -815.8702397801877 25
882 1001 -846.0285457358268 4
883 1001 -847.639298423999 3
884 265 -591.3964412811386 2
885 72 -523.8464412811388 2
886 6 -500.7464412811388 2
887 262 -590.3464412811386 2
888 61 -519.9964412811388 2
889 1001 -848.996441281142 2
890 1001 -843.1461067051018 6
891 1001 -815.2729635155965 26
892 60 -519.6464412811388 2
893 1001 -827.0980532649842 17
894 116 -535.0141572466154 5
895 1 -498.9964412811388 2
896 1 -498.9964412811388 2
897 49 -486.30206612480384 23
898 1 -498.9964412811388 2
899 143 -521.2171412795343 21
900 20 -482.0657205034044 19
901 1 -498.9964412811388 2
902 2 -499.3464412811388 2
903 340 -589.4866815094189 22
904 37 -500.4367489159507 10
905 93 -515.7149493597199 13
906 1001 -834.8593938041665 12
907 1001 -847.5392984239988 3
908 2 -499.3464412811388 2
909 473 -643.4480532649811 17
910 1001 -815.1729635155962 26
911 1 -498.9964412811388 2
912 60 -503.66494935971986 13
913 1 -498.9964412811388 2
914 1 -498.9964412811388 2
915 1 -498.9964412811388 2
916 41 -507.446106705099 6
917 12 -494.6489130292097 8
918 1 -498.9964412811388 2
919 5 -498.98929842399593 3
920 7 -498.2785457358239 4
921 80 -520.996106705099 6
922 1 -498.9964412811388 2
923 5 -496.31415724661525 5
924 2 -499.3464412811388 2
925 220 -566.0697159489177 9
926 113 -524.3593938041643 12
927 1 -498.9964412811388 2
928 4 -497.3285457358239 4
929 2 -499.3464412811388 2
930 9 -498.9785457358239 4
931 1 -498.9964412811388 2
932 1 -498.9964412811388 2
933 10 -496.64610670509904 6
934 2 -499.3464412811388 2
935 1 -498.9964412811388 2
936 1 -498.9964412811388 2
937 6 -500.7464412811388 2
938 7 -499.73929842399593 3
939 205 -529.3716103172055 31
940 1 -498.9964412811388 2
941 2 -499.3464412811388 2
942 275 -575.5582036409221 16
943 1001 -836.5999842100707 11
944 2 -499.3464412811388 2
945 1 -498.9964412811388 2
946 3 -498.3392984239959 3
947 4 -498.6892984239959 3
948 1 -498.9964412811388 2
949 1 -498.9964412811388 2
950 12 -496.0243675746642 7
951 1 -498.9964412811388 2
952 7 -501.0964412811388 2
953 80 -488.5552824421818 29
954 1 -498.9964412811388 2
955 9 -497.7141572466153 5
956 347 -577.4481043411095 32
957 2 -499.3464412811388 2
958 1 -498.9964412811388 2
959 1 -498.9964412811388 2
960 1 -498.9964412811388 2
961 71 -505.5643834162032 15
962 1 -498.9964412811388 2
963 1001 -824.915720503406 19
964 3 -499.6964412811388 2
965 1001 -826.183902321588 18
966 51 -490.9934771573968 20
967 35 -483.0366815094193 22
968 1001 -826.7339023215882 18
969 1 -498.9964412811388 2
970 1001 -832.4666222221754 14
971 314 -608.5464412811382 2
972 622 -683.9702397801848 25
973 1001 -825.3657205034059 19
974 415 -643.8964412811376 2
975 220 -558.5166222221735 14
976 33 -493.06662222217335 14
977 26 -484.16572050340443 19
978 33 -479.4132630360008 24
979 26 -484.16572050340443 19
980 23 -492.4593938041642 12
981 11 -496.84610670509903 6
982 934 -757.1351909608608 48
983 1001 -814.5229635155968 26
984 10 -500.73929842399593 3
985 30 -494.90939380416427 12
986 40 -465.80047744643423 35
987 23 -481.6934771573968 20
988 54 -506.3867489159507 10
989 19 -495.3697159489177 9
990 29 -503.046106705099 6
991 74 -480.5201043411097 33
992 55 -490.0366815094193 22
993 43 -482.5132630360008 24
994 17 -494.6697159489177 9
995 135 -497.30047744643423 35
996 197 -554.7999842100684 11
997 63 -510.4697159489177 9
998 185 -514.608777041576 36
999 1001 -823.6657205034062 19
1000 1001 -825.365720503406 19
1001 329 -577.8214010155951 27
1002 3 -499.6964412811388 2
1003 2 -499.3464412811388 2
1004 3 -499.6964412811388 2
1005 2 -499.3464412811388 2
1006 2 -499.3464412811388 2
1007 1 -498.9964412811388 2
1008 49 -494.84805326498247 17
1009 8 -498.6785457358239 4
1010 3 -499.6964412811388 2
1011 9 -499.0785457358239 4
1012 52 -498.7143834162032 15
1013 8 -498.7285457358239 4
1014 167 -520.4155186626542 28
1015 1001 -820.7366815094205 22
1016 289 -573.2171412795342 21
1017 9 -498.9785457358239 4
1018 133 -520.9657205034044 19
1019 130 -520.5657205034045 19
1020 2 -499.3464412811388 2
1021 40 -491.8980532649825 17
1022 363 -579.8875742206274 34
1023 1001 -832.3666222221754 14
1024 176 -533.7171412795342 21
1025 18 -502.1285457358239 4
1026 1001 -811.065518662655 28
1027 287 -569.2020661248039 23
1028 192 -542.0157205034045 19
1029 523 -663.7143834162017 15
1030 250 -568.2143834162031 15
1031 210 -548.4657205034046 19
1032 230 -536.0481043411098 32
1033 8 -498.6285457358239 4
1034 31 -490.05820364092233 16
1035 52 -468.40877704157595 36
1036 34 -469.62161031720535 31
1037 356 -591.3020661248034 23
1038 43 -462.361415169998 38
1039 1001 -829.3082036409241 16
1040 203 -554.9593938041644 12
1041 56 -463.8951836379195 40
1042 29 -497.4367489159507 10
1043 35 -465.5375742206278 34
1044 614 -671.9716103172038 31
1045 55 -488.8366815094193 22
1046 10 -500.73929842399593 3
1047 52 -506.9197159489177 9
1048 41 -467.58757422062774 34
1049 34 -488.03390232158625 18
1050 41 -464.65877704157595 36
1051 57 -475.64810434110973 32
1052 86 -507.7480532649825 17
1053 580 -616.7990173950528 57
1054 37 -487.16572050340443 19
1055 38 -487.51572050340445 19
1056 1001 -800.508777041576 36
1057 19 -496.7989130292097 8
1058 179 -543.3643834162034 15
1059 349 -595.6934771573962 20
1060 723 -693.4597699003912 42
1061 1001 -782.3851909608626 47
1062 5 -500.3964412811388 2
1063 269 -550.6716103172055 31
1064 320 -557.3114151699981 38
1065 265 -565.7934771573969 20
1066 57 -496.18390232158623 18
1067 439 -600.6614151699972 38
1068 56 -491.8171412795342 21
1069 185 -543.8582036409224 16
1070 616 -673.1406579362515 30
1071 1001 -823.0434771573982 20
1072 1001 -810.9214010155968 27
1073 1001 -801.8375742206276 34
1074 702 -638.974213749493 71
1075 1001 -717.3853259442319 84
1076 26 -488.4082036409223 16
1077 1001 -832.2666222221753 14
1078 278 -571.7657205034043 19
1079 1001 -827.0582036409239 16
1080 1001 -829.5082036409242 16
1081 194 -549.2166222221734 14
1082 299 -566.1655186626541 28
1083 19 -503.9392984239959 3
1084 30 -489.80820364092233 16
1085 82 -523.0641572466153 5
1086 4 -498.6892984239959 3
1087 127 -520.6839023215863 18
1088 529 -611.9542450851703 51
1089 112 -514.2657205034044 19
1090 950 -804.4934771573971 20
1091 1 -498.9964412811388 2
1092 18 -481.3657205034044 19
1093 1 -498.9964412811388 2
1094 1 -498.9964412811388 2
1095 2 -499.3464412811388 2
1096 2 -499.3464412811388 2
1097 2 -499.3464412811388 2
1098 93 -531.1964412811388 2
1099 1001 -799.8087770415768 36
1100 1 -498.9964412811388 2
1101 6 -495.296106705099 6
1102 2 -499.3464412811388 2
1103 72 -500.2657205034044 19
1104 896 -746.6301062150981 46
1105 5 -500.3964412811388 2
1106 3 -499.6964412811388 2
1107 1 -498.9964412811388 2
1108 28 -489.1082036409223 16
1109 6 -499.3392984239959 3
1110 1 -498.9964412811388 2
1111 1 -498.9964412811388 2
1112 85 -525.6285457358239 4
1113 124 -542.0464412811389 2
1114 342 -597.548053264982 17
1115 1001 -848.7964412811418 2
1116 1001 -819.0520661248063 23
1117 413 -618.193477157396 20
1118 1001 -847.4392984239989 3
1119 1001 -826.7839023215879 18
1120 308 -558.4504774464344 35
1121 864 -684.3829515527073 78
1122 678 -675.5347699003914 43
1123 1001 -826.7839023215879 18
1124 1001 -822.4171412795356 21
1125 1001 -833.2649493597219 13
1126 1001 -848.846441281142 2
1127 33 -490.1582036409223 16
1128 5 -496.31415724661525 5
1129 72 -483.3906579362529 30
1130 92 -520.8197159489177 9
1131 187 -558.6461067050992 6
1132 22 -506.3464412811388 2
1133 341 -574.1201043411093 33
1134 604 -643.3851909608613 48
1135 62 -492.23668150941927 22
1136 356 -586.6155186626538 28
1137 93 -497.5729635155954 26
1138 340 -591.1171412795336 21
1139 711 -637.5955814189898 74
1140 1001 -811.5155186626548 28
1141 84 -493.77296351559545 26
1142 1001 -829.3582036409241 16
1143 1001 -820.9866815094206 22
1144 51 -484.12023978018686 25
1145 1001 -818.2171412795353 21
1146 1001 -818.013263036002 24
1147 3 -499.6964412811388 2
1148 29 -490.8643834162032 15
1149 49 -493.6339023215862 18
1150 1001 -809.2906579362532 30
1151 1 -498.9964412811388 2
1152 2 -499.3464412811388 2
1153 1001 -820.5866815094205 22
1154 197 -532.2714010155955 27
1155 778 -711.7298943817195 41
1156 273 -515.5890957545721 55
1157 1 -498.9964412811388 2
1158 12 -497.196106705099 6
1159 1 -498.9964412811388 2
1160 1 -498.9964412811388 2
1161 1001 -820.4171412795357 21
1162 14 -487.01662222217334 14
1163 15 -485.9643834162032 15
1164 263 -507.59568406172053 58
1165 14 -487.01662222217334 14
1166 130 -500.8481043411097 32
1167 1 -498.9964412811388 2
1168 80 -499.2671412795342 21
1169 2 -499.3464412811388 2
1170 4 -498.6892984239959 3
1171 8 -501.4464412811388 2
1172 79 -502.6157205034044 19
1173 309 -561.4375742206275 34
1174 9 -501.7964412811388 2
1175 439 -619.8132630360001 24
1176 1001 -803.1702397801888 25
1177 114 -514.9657205034044 19
1178 367 -603.515720503404 19
1179 1001 -761.4221814992578 60
1180 1001 -806.0481043411097 32
1181 217 -548.0171412795344 21
1182 151 -551.4964412811389 2
1183 1001 -815.3229635155964 26
1184 358 -582.5906579362525 30
1185 64 -496.0434771573968 20
1186 866 -750.3614151699954 38
1187 1001 -832.2166222221754 14
1188 1001 -817.9171412795365 21
1189 1001 -840.6489130292123 8
1190 1001 -819.6520661248051 23
1191 247 -552.420239780187 25
1192 25 -489.4643834162032 15
1193 1001 -800.5004774464344 35
1194 1001 -819.458203640925 16
1195 1001 -812.0229635155968 26
1196 1001 -813.8214010155964 27
1197 1001 -825.2839023215881 18
1198 309 -580.2671412795341 21
1199 1001 -832.4166222221754 14
1200 1001 -832.9649493597217 13
1201 452 -628.9366815094182 22
1202 295 -597.064157246615 5
